TN:
SF:src\config\database.ts
FN:8,(anonymous_0)
FN:12,shutdownDatabase
FNF:2
FNH:0
FNDA:0,(anonymous_0)
FNDA:0,shutdownDatabase
DA:1,0
DA:2,0
DA:4,0
DA:8,0
DA:9,0
DA:12,0
DA:13,0
DA:14,0
DA:15,0
DA:17,0
LF:10
LH:0
BRF:0
BRH:0
end_of_record
TN:
SF:src\config\env.ts
FN:35,(anonymous_1)
FN:41,(anonymous_2)
FN:41,(anonymous_3)
FN:46,(anonymous_4)
FN:53,(anonymous_5)
FN:54,(anonymous_6)
FN:55,(anonymous_7)
FN:57,(anonymous_8)
FN:58,(anonymous_9)
FN:72,(anonymous_10)
FN:72,(anonymous_11)
FN:113,(anonymous_12)
FN:116,(anonymous_13)
FN:117,(anonymous_14)
FN:118,(anonymous_15)
FN:126,(anonymous_16)
FNF:16
FNH:0
FNDA:0,(anonymous_1)
FNDA:0,(anonymous_2)
FNDA:0,(anonymous_3)
FNDA:0,(anonymous_4)
FNDA:0,(anonymous_5)
FNDA:0,(anonymous_6)
FNDA:0,(anonymous_7)
FNDA:0,(anonymous_8)
FNDA:0,(anonymous_9)
FNDA:0,(anonymous_10)
FNDA:0,(anonymous_11)
FNDA:0,(anonymous_12)
FNDA:0,(anonymous_13)
FNDA:0,(anonymous_14)
FNDA:0,(anonymous_15)
FNDA:0,(anonymous_16)
DA:1,0
DA:2,0
DA:4,0
DA:7,0
DA:8,0
DA:9,0
DA:10,0
DA:11,0
DA:12,0
DA:13,0
DA:14,0
DA:15,0
DA:16,0
DA:17,0
DA:20,0
DA:21,0
DA:22,0
DA:24,0
DA:26,0
DA:35,0
DA:41,0
DA:46,0
DA:53,0
DA:54,0
DA:55,0
DA:57,0
DA:58,0
DA:72,0
DA:114,0
DA:116,0
DA:117,0
DA:119,0
DA:120,0
DA:121,0
DA:122,0
DA:123,0
DA:124,0
DA:126,0
DA:145,0
LF:39
LH:0
BRDA:8,0,0,0
BRDA:8,1,0,0
BRDA:8,1,1,0
BRDA:9,2,0,0
BRDA:9,3,0,0
BRDA:9,3,1,0
BRDA:10,4,0,0
BRDA:10,5,0,0
BRDA:10,5,1,0
BRDA:11,6,0,0
BRDA:11,7,0,0
BRDA:11,7,1,0
BRDA:12,8,0,0
BRDA:12,8,1,0
BRDA:13,9,0,0
BRDA:13,9,1,0
BRDA:14,10,0,0
BRDA:14,10,1,0
BRDA:15,11,0,0
BRDA:15,11,1,0
BRDA:16,12,0,0
BRDA:16,12,1,0
BRDA:20,13,0,0
BRDA:20,14,0,0
BRDA:20,14,1,0
BRDA:21,15,0,0
BRDA:21,16,0,0
BRDA:21,16,1,0
BRDA:22,17,0,0
BRDA:22,18,0,0
BRDA:22,18,1,0
BRDA:24,19,0,0
BRDA:24,20,0,0
BRDA:24,20,1,0
BRDA:120,21,0,0
BRDA:120,21,1,0
BRDA:123,22,0,0
BRDA:123,22,1,0
BRDA:124,23,0,0
BRDA:124,23,1,0
BRF:40
BRH:0
end_of_record
TN:
SF:src\http\health.ts
FN:3,healthHandler
FNF:1
FNH:0
FNDA:0,healthHandler
DA:3,0
DA:4,0
LF:2
LH:0
BRF:0
BRH:0
end_of_record
TN:
SF:src\middlewares\accountLock.ts
FN:5,checkAccountLock
FN:20,recordLoginFailure
FN:24,recordLoginSuccess
FNF:3
FNH:0
FNDA:0,checkAccountLock
FNDA:0,recordLoginFailure
FNDA:0,recordLoginSuccess
DA:2,0
DA:3,0
DA:5,0
DA:6,0
DA:7,0
DA:8,0
DA:9,0
DA:10,0
DA:11,0
DA:12,0
DA:13,0
DA:14,0
DA:16,0
DA:20,0
DA:21,0
DA:24,0
DA:25,0
LF:17
LH:0
BRDA:8,0,0,0
BRDA:10,1,0,0
BRDA:13,2,0,0
BRF:3
BRH:0
end_of_record
TN:
SF:src\middlewares\aiRateLimit.ts
FN:20,aiRateLimit
FNF:1
FNH:0
FNDA:0,aiRateLimit
DA:1,0
DA:3,0
DA:5,0
DA:11,0
DA:12,0
DA:13,0
DA:14,0
DA:16,0
DA:17,0
DA:20,0
DA:21,0
DA:22,0
DA:23,0
DA:24,0
DA:28,0
DA:30,0
LF:16
LH:0
BRDA:11,0,0,0
BRDA:11,0,1,0
BRDA:11,1,0,0
BRDA:11,1,1,0
BRDA:22,2,0,0
BRDA:22,2,1,0
BRDA:22,2,2,0
BRDA:23,3,0,0
BRDA:23,3,1,0
BRF:9
BRH:0
end_of_record
TN:
SF:src\middlewares\auth.ts
FN:4,requireAuth
FN:19,requireRole
FN:20,roleCheck
FN:22,(anonymous_3)
FNF:4
FNH:0
FNDA:0,requireAuth
FNDA:0,requireRole
FNDA:0,roleCheck
FNDA:0,(anonymous_3)
DA:2,0
DA:4,0
DA:5,0
DA:8,0
DA:9,0
DA:11,0
DA:12,0
DA:15,0
DA:16,0
DA:19,0
DA:20,0
DA:22,0
DA:23,0
DA:24,0
DA:25,0
DA:27,0
LF:16
LH:0
BRDA:5,0,0,0
BRDA:5,0,1,0
BRDA:8,1,0,0
BRDA:8,1,1,0
BRDA:9,2,0,0
BRDA:12,3,0,0
BRDA:23,4,0,0
BRDA:24,5,0,0
BRDA:24,6,0,0
BRDA:24,6,1,0
BRF:10
BRH:0
end_of_record
TN:
SF:src\middlewares\emailVerificationRateLimit.ts
FN:26,emailVerificationRateLimit
FNF:1
FNH:0
FNDA:0,emailVerificationRateLimit
DA:1,0
DA:3,0
DA:5,0
DA:9,0
DA:10,0
DA:11,0
DA:19,0
DA:26,0
DA:27,0
DA:28,0
DA:29,0
DA:31,0
DA:32,0
DA:33,0
DA:35,0
LF:15
LH:0
BRDA:9,0,0,0
BRDA:9,0,1,0
BRDA:9,1,0,0
BRDA:9,1,1,0
BRDA:29,2,0,0
BRF:5
BRH:0
end_of_record
TN:
SF:src\middlewares\errorHandler.ts
FN:5,errorHandler
FNF:1
FNH:0
FNDA:0,errorHandler
DA:2,0
DA:3,0
DA:5,0
DA:6,0
DA:7,0
DA:10,0
DA:11,0
DA:12,0
DA:13,0
DA:16,0
DA:17,0
DA:19,0
DA:21,0
LF:13
LH:0
BRDA:6,0,0,0
BRDA:7,1,0,0
BRDA:7,1,1,0
BRDA:10,2,0,0
BRDA:10,3,0,0
BRDA:10,3,1,0
BRDA:10,3,2,0
BRDA:12,4,0,0
BRDA:12,5,0,0
BRDA:12,5,1,0
BRDA:13,6,0,0
BRDA:13,6,1,0
BRDA:16,7,0,0
BRDA:16,7,1,0
BRF:14
BRH:0
end_of_record
TN:
SF:src\middlewares\metrics.ts
FN:20,metricsMiddleware
FN:24,(anonymous_10)
FN:35,(anonymous_11)
FNF:3
FNH:0
FNDA:0,metricsMiddleware
FNDA:0,(anonymous_10)
FNDA:0,(anonymous_11)
DA:2,0
DA:5,0
DA:7,0
DA:14,0
DA:20,0
DA:21,0
DA:22,0
DA:24,0
DA:25,0
DA:26,0
DA:27,0
DA:28,0
DA:29,0
DA:30,0
DA:32,0
DA:35,0
DA:36,0
DA:37,0
DA:40,0
DA:45,0
LF:20
LH:0
BRDA:28,0,0,0
BRDA:28,0,1,0
BRDA:28,0,2,0
BRF:3
BRH:0
end_of_record
TN:
SF:src\middlewares\notFoundHandler.ts
FN:3,notFoundHandler
FNF:1
FNH:0
FNDA:0,notFoundHandler
DA:3,0
DA:4,0
LF:2
LH:0
BRF:0
BRH:0
end_of_record
TN:
SF:src\middlewares\passwordResetRateLimit.ts
FN:26,passwordResetRateLimit
FNF:1
FNH:0
FNDA:0,passwordResetRateLimit
DA:1,0
DA:3,0
DA:5,0
DA:9,0
DA:10,0
DA:11,0
DA:19,0
DA:26,0
DA:27,0
DA:28,0
DA:29,0
DA:31,0
DA:32,0
DA:33,0
DA:35,0
LF:15
LH:0
BRDA:9,0,0,0
BRDA:9,0,1,0
BRDA:9,1,0,0
BRDA:9,1,1,0
BRDA:29,2,0,0
BRF:5
BRH:0
end_of_record
TN:
SF:src\middlewares\rateLimit.ts
FN:28,rateLimitMiddleware
FNF:1
FNH:0
FNDA:0,rateLimitMiddleware
DA:1,0
DA:3,0
DA:5,0
DA:9,0
DA:10,0
DA:11,0
DA:20,0
DA:28,0
DA:29,0
DA:30,0
DA:31,0
DA:32,0
DA:34,0
LF:13
LH:0
BRDA:9,0,0,0
BRDA:9,0,1,0
BRDA:9,1,0,0
BRDA:9,1,1,0
BRDA:30,2,0,0
BRDA:30,2,1,0
BRF:6
BRH:0
end_of_record
TN:
SF:src\middlewares\securityHeaders.ts
FN:5,securityHeaders
FNF:1
FNH:0
FNDA:0,securityHeaders
DA:2,0
DA:3,0
DA:5,0
DA:6,0
DA:18,0
LF:5
LH:0
BRF:0
BRH:0
end_of_record
TN:
SF:src\middlewares\validation.ts
FN:4,validateBody
FN:5,(anonymous_1)
FN:19,validateQuery
FN:20,(anonymous_3)
FN:35,validateParams
FN:36,(anonymous_5)
FNF:6
FNH:0
FNDA:0,validateBody
FNDA:0,(anonymous_1)
FNDA:0,validateQuery
FNDA:0,(anonymous_3)
FNDA:0,validateParams
FNDA:0,(anonymous_5)
DA:4,0
DA:5,0
DA:6,0
DA:7,0
DA:8,0
DA:9,0
DA:14,0
DA:15,0
DA:19,0
DA:20,0
DA:21,0
DA:22,0
DA:23,0
DA:24,0
DA:30,0
DA:31,0
DA:35,0
DA:36,0
DA:37,0
DA:38,0
DA:39,0
DA:40,0
DA:45,0
DA:46,0
LF:24
LH:0
BRDA:7,0,0,0
BRDA:22,1,0,0
BRDA:38,2,0,0
BRF:3
BRH:0
end_of_record
TN:
SF:src\modules\addresses\routes.ts
FN:23,(anonymous_0)
FNF:1
FNH:0
FNDA:0,(anonymous_0)
DA:1,0
DA:2,0
DA:3,0
DA:4,0
DA:5,0
DA:10,0
DA:20,0
DA:23,0
DA:24,0
DA:32,0
DA:43,0
DA:54,0
DA:66,0
DA:78,0
DA:91,0
DA:103,0
DA:110,0
LF:17
LH:0
BRF:0
BRH:0
end_of_record
TN:
SF:src\modules\addresses\service\address.service.ts
FN:38,(anonymous_0)
FN:53,(anonymous_1)
FN:71,(anonymous_2)
FN:91,(anonymous_3)
FN:115,(anonymous_4)
FN:128,(anonymous_5)
FN:153,(anonymous_6)
FN:164,(anonymous_7)
FN:184,(anonymous_8)
FN:202,(anonymous_9)
FN:227,(anonymous_10)
FN:242,(anonymous_11)
FNF:12
FNH:0
FNDA:0,(anonymous_0)
FNDA:0,(anonymous_1)
FNDA:0,(anonymous_2)
FNDA:0,(anonymous_3)
FNDA:0,(anonymous_4)
FNDA:0,(anonymous_5)
FNDA:0,(anonymous_6)
FNDA:0,(anonymous_7)
FNDA:0,(anonymous_8)
FNDA:0,(anonymous_9)
FNDA:0,(anonymous_10)
FNDA:0,(anonymous_11)
DA:1,0
DA:2,0
DA:3,0
DA:34,0
DA:39,0
DA:47,0
DA:54,0
DA:61,0
DA:62,0
DA:65,0
DA:72,0
DA:75,0
DA:79,0
DA:80,0
DA:87,0
DA:88,0
DA:91,0
DA:93,0
DA:94,0
DA:101,0
DA:108,0
DA:116,0
DA:119,0
DA:123,0
DA:124,0
DA:128,0
DA:130,0
DA:131,0
DA:141,0
DA:146,0
DA:155,0
DA:159,0
DA:160,0
DA:164,0
DA:166,0
DA:172,0
DA:177,0
DA:186,0
DA:190,0
DA:191,0
DA:195,0
DA:202,0
DA:203,0
DA:208,0
DA:209,0
DA:214,0
DA:215,0
DA:228,0
DA:235,0
DA:243,0
DA:250,0
LF:51
LH:0
BRDA:61,0,0,0
BRDA:79,1,0,0
BRDA:88,2,0,0
BRDA:88,2,1,0
BRDA:93,3,0,0
BRDA:123,4,0,0
BRDA:130,5,0,0
BRDA:159,6,0,0
BRDA:190,7,0,0
BRDA:208,8,0,0
BRDA:208,9,0,0
BRDA:208,9,1,0
BRDA:214,10,0,0
BRF:13
BRH:0
end_of_record
TN:
SF:src\modules\ai\routes.ts
FN:28,(anonymous_10)
FN:31,(anonymous_11)
FNF:2
FNH:0
FNDA:0,(anonymous_10)
FNDA:0,(anonymous_11)
DA:1,0
DA:2,0
DA:3,0
DA:4,0
DA:5,0
DA:6,0
DA:7,0
DA:8,0
DA:9,0
DA:10,0
DA:11,0
DA:12,0
DA:14,0
DA:16,0
DA:18,0
DA:19,0
DA:20,0
DA:21,0
DA:24,0
DA:25,0
DA:28,0
DA:29,0
DA:30,0
DA:31,0
DA:32,0
DA:33,0
DA:34,0
DA:35,0
DA:36,0
DA:37,0
DA:38,0
DA:40,0
DA:41,0
DA:43,0
DA:44,0
DA:45,0
DA:46,0
DA:47,0
DA:48,0
DA:50,0
DA:54,0
LF:41
LH:0
BRDA:32,0,0,0
BRDA:32,1,0,0
BRDA:32,1,1,0
BRDA:32,1,2,0
BRDA:37,2,0,0
BRDA:37,3,0,0
BRDA:37,3,1,0
BRDA:40,4,0,0
BRDA:45,5,0,0
BRF:9
BRH:0
end_of_record
TN:
SF:src\modules\ai\service\locks.ts
FN:7,tryAcquireDraftLock
FN:23,releaseDraftLock
FNF:2
FNH:0
FNDA:0,tryAcquireDraftLock
FNDA:0,releaseDraftLock
DA:1,0
DA:3,0
DA:4,0
DA:5,0
DA:7,0
DA:8,0
DA:9,0
DA:10,0
DA:12,0
DA:13,0
DA:18,0
DA:19,0
DA:20,0
DA:23,0
DA:24,0
DA:25,0
DA:26,0
DA:27,0
DA:32,0
LF:19
LH:0
BRDA:9,0,0,0
BRDA:18,1,0,0
BRDA:25,2,0,0
BRF:3
BRH:0
end_of_record
TN:
SF:src\modules\ai\service\safety.ts
FN:70,checkPromptSafety
FNF:1
FNH:0
FNDA:0,checkPromptSafety
DA:1,0
DA:70,0
DA:71,0
DA:72,0
DA:73,0
DA:74,0
DA:77,0
LF:7
LH:0
BRDA:71,0,0,0
BRDA:73,1,0,0
BRF:2
BRH:0
end_of_record
TN:
SF:src\modules\ai\templates\templates.ts
FN:35,(anonymous_0)
FN:51,(anonymous_1)
FN:67,(anonymous_2)
FNF:3
FNH:0
FNDA:0,(anonymous_0)
FNDA:0,(anonymous_1)
FNDA:0,(anonymous_2)
DA:14,0
DA:35,0
DA:51,0
DA:67,0
LF:4
LH:0
BRF:0
BRH:0
end_of_record
TN:
SF:src\modules\assets\routes.ts
FNF:0
FNH:0
DA:1,0
DA:2,0
DA:3,0
DA:4,0
DA:5,0
DA:6,0
DA:13,0
DA:16,0
DA:21,0
DA:22,0
DA:23,0
DA:24,0
DA:26,0
LF:13
LH:0
BRF:0
BRH:0
end_of_record
TN:
SF:src\modules\auth\routes.ts
FNF:0
FNH:0
DA:1,0
DA:2,0
DA:3,0
DA:4,0
DA:5,0
DA:6,0
DA:7,0
DA:8,0
DA:9,0
DA:10,0
DA:11,0
DA:13,0
DA:15,0
DA:16,0
DA:17,0
DA:18,0
DA:19,0
DA:20,0
DA:21,0
DA:22,0
DA:23,0
DA:25,0
LF:22
LH:0
BRF:0
BRH:0
end_of_record
TN:
SF:src\modules\auth\service\auth.service.ts
FN:13,(anonymous_9)
FN:21,(anonymous_10)
FN:70,(anonymous_11)
FN:78,(anonymous_12)
FN:112,(anonymous_13)
FN:124,(anonymous_14)
FN:151,(anonymous_15)
FN:188,(anonymous_16)
FN:200,(anonymous_17)
FN:206,(anonymous_18)
FN:214,(anonymous_19)
FN:226,(anonymous_20)
FN:233,ms
FNF:13
FNH:0
FNDA:0,(anonymous_9)
FNDA:0,(anonymous_10)
FNDA:0,(anonymous_11)
FNDA:0,(anonymous_12)
FNDA:0,(anonymous_13)
FNDA:0,(anonymous_14)
FNDA:0,(anonymous_15)
FNDA:0,(anonymous_16)
FNDA:0,(anonymous_17)
FNDA:0,(anonymous_18)
FNDA:0,(anonymous_19)
FNDA:0,(anonymous_20)
FNDA:0,ms
DA:1,0
DA:2,0
DA:3,0
DA:4,0
DA:5,0
DA:6,0
DA:7,0
DA:8,0
DA:9,0
DA:10,0
DA:12,0
DA:14,0
DA:15,0
DA:16,0
DA:18,0
DA:21,0
DA:22,0
DA:25,0
DA:34,0
DA:35,0
DA:43,0
DA:49,0
DA:58,0
DA:62,0
DA:63,0
DA:64,0
DA:65,0
DA:66,0
DA:67,0
DA:68,0
DA:70,0
DA:71,0
DA:75,0
DA:79,0
DA:80,0
DA:81,0
DA:82,0
DA:83,0
DA:84,0
DA:88,0
DA:97,0
DA:99,0
DA:100,0
DA:101,0
DA:104,0
DA:105,0
DA:106,0
DA:107,0
DA:109,0
DA:113,0
DA:114,0
DA:115,0
DA:116,0
DA:117,0
DA:118,0
DA:119,0
DA:120,0
DA:121,0
DA:126,0
DA:131,0
DA:134,0
DA:135,0
DA:136,0
DA:137,0
DA:138,0
DA:139,0
DA:143,0
DA:145,0
DA:152,0
DA:153,0
DA:154,0
DA:156,0
DA:157,0
DA:160,0
DA:161,0
DA:162,0
DA:163,0
DA:165,0
DA:168,0
DA:177,0
DA:179,0
DA:180,0
DA:181,0
DA:182,0
DA:183,0
DA:184,0
DA:185,0
DA:189,0
DA:190,0
DA:192,0
DA:194,0
DA:195,0
DA:196,0
DA:197,0
DA:198,0
DA:200,0
DA:201,0
DA:207,0
DA:208,0
DA:209,0
DA:210,0
DA:211,0
DA:215,0
DA:216,0
DA:217,0
DA:218,0
DA:219,0
DA:220,0
DA:227,0
DA:228,0
DA:229,0
DA:235,0
DA:236,0
DA:237,0
DA:238,0
DA:239,0
DA:240,0
DA:241,0
DA:242,0
DA:243,0
LF:120
LH:0
BRDA:15,0,0,0
BRDA:28,1,0,0
BRDA:28,1,1,0
BRDA:29,2,0,0
BRDA:29,2,1,0
BRDA:34,3,0,0
BRDA:34,4,0,0
BRDA:34,4,1,0
BRDA:80,5,0,0
BRDA:82,6,0,0
BRDA:114,7,0,0
BRDA:115,8,0,0
BRDA:131,9,0,0
BRDA:137,10,0,0
BRDA:143,11,0,0
BRDA:153,12,0,0
BRDA:153,13,0,0
BRDA:153,13,1,0
BRDA:154,14,0,0
BRDA:161,15,0,0
BRDA:190,16,0,0
BRDA:208,17,0,0
BRDA:210,18,0,0
BRDA:216,19,0,0
BRDA:218,20,0,0
BRDA:218,21,0,0
BRDA:218,21,1,0
BRDA:228,22,0,0
BRDA:228,23,0,0
BRDA:228,23,1,0
BRDA:228,23,2,0
BRDA:228,23,3,0
BRDA:236,24,0,0
BRDA:239,25,0,0
BRDA:240,26,0,0
BRDA:241,27,0,0
BRDA:242,28,0,0
BRF:37
BRH:0
end_of_record
TN:
SF:src\modules\categories\routes.ts
FNF:0
FNH:0
DA:1,0
DA:2,0
DA:3,0
DA:4,0
DA:5,0
DA:6,0
DA:13,0
DA:18,0
DA:21,0
DA:26,0
DA:27,0
DA:30,0
DA:31,0
DA:32,0
DA:34,0
LF:15
LH:0
BRF:0
BRH:0
end_of_record
TN:
SF:src\modules\comments\routes.ts
FNF:0
FNH:0
DA:1,0
DA:2,0
DA:3,0
DA:4,0
DA:5,0
DA:13,0
DA:21,0
DA:24,0
DA:32,0
DA:44,0
DA:55,0
DA:67,0
DA:79,0
DA:91,0
DA:97,0
LF:15
LH:0
BRF:0
BRH:0
end_of_record
TN:
SF:src\modules\comments\service\comment.service.ts
FN:63,(anonymous_0)
FN:82,(anonymous_1)
FN:101,(anonymous_2)
FN:159,(anonymous_3)
FN:181,(anonymous_4)
FN:217,(anonymous_5)
FN:246,(anonymous_6)
FN:268,(anonymous_7)
FN:280,(anonymous_8)
FNF:9
FNH:0
FNDA:0,(anonymous_0)
FNDA:0,(anonymous_1)
FNDA:0,(anonymous_2)
FNDA:0,(anonymous_3)
FNDA:0,(anonymous_4)
FNDA:0,(anonymous_5)
FNDA:0,(anonymous_6)
FNDA:0,(anonymous_7)
FNDA:0,(anonymous_8)
DA:1,0
DA:3,0
DA:30,0
DA:58,0
DA:64,0
DA:75,0
DA:83,0
DA:95,0
DA:102,0
DA:103,0
DA:106,0
DA:108,0
DA:110,0
DA:111,0
DA:112,0
DA:114,0
DA:117,0
DA:125,0
DA:126,0
DA:129,0
DA:130,0
DA:134,0
DA:145,0
DA:160,0
DA:165,0
DA:166,0
DA:170,0
DA:171,0
DA:172,0
DA:175,0
DA:182,0
DA:185,0
DA:186,0
DA:187,0
DA:191,0
DA:192,0
DA:193,0
DA:194,0
DA:199,0
DA:210,0
DA:218,0
DA:229,0
DA:230,0
DA:233,0
DA:234,0
DA:236,0
DA:237,0
DA:240,0
DA:248,0
DA:251,0
DA:252,0
DA:253,0
DA:254,0
DA:256,0
DA:262,0
DA:270,0
DA:273,0
DA:281,0
DA:282,0
DA:283,0
DA:286,0
DA:292,0
LF:62
LH:0
BRDA:108,0,0,0
BRDA:108,0,1,0
BRDA:111,1,0,0
BRDA:125,2,0,0
BRDA:129,3,0,0
BRDA:165,4,0,0
BRDA:171,5,0,0
BRDA:186,6,0,0
BRDA:191,7,0,0
BRDA:193,8,0,0
BRDA:205,9,0,0
BRDA:205,9,1,0
BRDA:229,10,0,0
BRDA:236,11,0,0
BRDA:236,12,0,0
BRDA:236,12,1,0
BRDA:252,13,0,0
BRDA:253,14,0,0
BRDA:254,15,0,0
BRDA:282,16,0,0
BRF:20
BRH:0
end_of_record
TN:
SF:src\modules\contact\routes.ts
FN:17,(anonymous_0)
FNF:1
FNH:0
FNDA:0,(anonymous_0)
DA:1,0
DA:2,0
DA:3,0
DA:4,0
DA:5,0
DA:6,0
DA:11,0
DA:12,0
DA:14,0
DA:17,0
DA:18,0
DA:27,0
DA:39,0
DA:55,0
DA:65,0
LF:15
LH:0
BRF:0
BRH:0
end_of_record
TN:
SF:src\modules\contact\service\contact.service.ts
FN:19,(anonymous_0)
FN:42,(anonymous_1)
FN:57,(anonymous_2)
FN:73,(anonymous_3)
FN:115,(anonymous_4)
FN:175,(anonymous_5)
FN:199,(anonymous_6)
FN:260,(anonymous_7)
FN:280,(anonymous_8)
FN:288,(anonymous_9)
FN:294,(anonymous_10)
FN:330,(anonymous_11)
FNF:12
FNH:0
FNDA:0,(anonymous_0)
FNDA:0,(anonymous_1)
FNDA:0,(anonymous_2)
FNDA:0,(anonymous_3)
FNDA:0,(anonymous_4)
FNDA:0,(anonymous_5)
FNDA:0,(anonymous_6)
FNDA:0,(anonymous_7)
FNDA:0,(anonymous_8)
FNDA:0,(anonymous_9)
FNDA:0,(anonymous_10)
FNDA:0,(anonymous_11)
DA:1,0
DA:2,0
DA:3,0
DA:4,0
DA:15,0
DA:21,0
DA:22,0
DA:23,0
DA:29,0
DA:42,0
DA:43,0
DA:45,0
DA:51,0
DA:58,0
DA:60,0
DA:67,0
DA:80,0
DA:82,0
DA:84,0
DA:92,0
DA:101,0
DA:107,0
DA:108,0
DA:122,0
DA:182,0
DA:203,0
DA:264,0
DA:281,0
DA:288,0
DA:299,0
DA:300,0
DA:302,0
DA:306,0
DA:316,0
DA:331,0
LF:35
LH:0
BRDA:22,0,0,0
BRDA:80,1,0,0
BRDA:80,1,1,0
BRDA:151,2,0,0
BRDA:151,2,1,0
BRDA:187,3,0,0
BRDA:187,3,1,0
BRDA:232,4,0,0
BRDA:232,4,1,0
BRDA:236,5,0,0
BRDA:236,5,1,0
BRDA:236,6,0,0
BRDA:236,6,1,0
BRDA:270,7,0,0
BRDA:270,7,1,0
BRDA:288,8,0,0
BRDA:288,8,1,0
BRDA:288,9,0,0
BRDA:288,9,1,0
BRDA:302,10,0,0
BRDA:302,10,1,0
BRDA:302,11,0,0
BRDA:302,11,1,0
BRDA:335,12,0,0
BRDA:335,12,1,0
BRF:25
BRH:0
end_of_record
TN:
SF:src\modules\designers\routes.ts
FNF:0
FNH:0
DA:1,0
DA:2,0
DA:3,0
DA:4,0
DA:5,0
DA:7,0
DA:9,0
DA:10,0
DA:11,0
DA:12,0
DA:13,0
DA:15,0
DA:16,0
DA:18,0
LF:14
LH:0
BRF:0
BRH:0
end_of_record
TN:
SF:src\modules\designers\service\recommendation.service.ts
FN:13,daysSince
FN:17,wilsonLowerBound
FN:27,getDesignerStats
FN:59,(anonymous_3)
FN:69,buildRecommendedSlate
FN:71,(anonymous_5)
FN:72,(anonymous_6)
FN:73,(anonymous_7)
FN:78,(anonymous_8)
FN:79,(anonymous_9)
FN:80,(anonymous_10)
FN:81,(anonymous_11)
FN:82,(anonymous_12)
FN:84,(anonymous_13)
FN:86,(anonymous_14)
FN:87,(anonymous_15)
FN:88,(anonymous_16)
FN:108,(anonymous_17)
FN:108,(anonymous_18)
FN:111,(anonymous_19)
FN:111,(anonymous_20)
FNF:21
FNH:0
FNDA:0,daysSince
FNDA:0,wilsonLowerBound
FNDA:0,getDesignerStats
FNDA:0,(anonymous_3)
FNDA:0,buildRecommendedSlate
FNDA:0,(anonymous_5)
FNDA:0,(anonymous_6)
FNDA:0,(anonymous_7)
FNDA:0,(anonymous_8)
FNDA:0,(anonymous_9)
FNDA:0,(anonymous_10)
FNDA:0,(anonymous_11)
FNDA:0,(anonymous_12)
FNDA:0,(anonymous_13)
FNDA:0,(anonymous_14)
FNDA:0,(anonymous_15)
FNDA:0,(anonymous_16)
FNDA:0,(anonymous_17)
FNDA:0,(anonymous_18)
FNDA:0,(anonymous_19)
FNDA:0,(anonymous_20)
DA:1,0
DA:14,0
DA:17,0
DA:18,0
DA:19,0
DA:20,0
DA:21,0
DA:22,0
DA:23,0
DA:24,0
DA:27,0
DA:29,0
DA:35,0
DA:36,0
DA:41,0
DA:42,0
DA:43,0
DA:47,0
DA:52,0
DA:53,0
DA:54,0
DA:55,0
DA:56,0
DA:59,0
DA:60,0
DA:61,0
DA:62,0
DA:63,0
DA:66,0
DA:69,0
DA:71,0
DA:72,0
DA:73,0
DA:75,0
DA:76,0
DA:78,0
DA:79,0
DA:80,0
DA:81,0
DA:82,0
DA:84,0
DA:85,0
DA:86,0
DA:87,0
DA:88,0
DA:91,0
DA:92,0
DA:93,0
DA:94,0
DA:96,0
DA:97,0
DA:98,0
DA:99,0
DA:101,0
DA:102,0
DA:103,0
DA:104,0
DA:108,0
DA:109,0
DA:111,0
DA:112,0
LF:61
LH:0
BRDA:18,0,0,0
BRDA:18,1,0,0
BRDA:18,1,1,0
BRDA:43,2,0,0
BRDA:55,3,0,0
BRDA:55,3,1,0
BRDA:60,4,0,0
BRDA:60,4,1,0
BRDA:61,5,0,0
BRDA:61,5,1,0
BRDA:62,6,0,0
BRDA:62,6,1,0
BRDA:63,7,0,0
BRDA:63,7,1,0
BRDA:63,8,0,0
BRDA:63,8,1,0
BRDA:69,9,0,0
BRDA:72,10,0,0
BRDA:72,10,1,0
BRDA:81,11,0,0
BRDA:81,11,1,0
BRDA:81,12,0,0
BRDA:81,12,1,0
BRDA:92,13,0,0
BRDA:97,14,0,0
BRDA:102,15,0,0
BRDA:109,16,0,0
BRDA:109,16,1,0
BRF:28
BRH:0
end_of_record
TN:
SF:src\modules\drafts\routes.ts
FNF:0
FNH:0
DA:2,0
DA:3,0
DA:4,0
DA:5,0
DA:6,0
DA:7,0
DA:19,0
DA:20,0
DA:26,0
DA:27,0
DA:29,0
DA:30,0
DA:33,0
DA:38,0
DA:45,0
DA:51,0
DA:58,0
DA:67,0
DA:75,0
DA:88,0
DA:96,0
DA:105,0
DA:114,0
DA:122,0
DA:131,0
DA:139,0
DA:147,0
DA:156,0
DA:164,0
DA:174,0
DA:181,0
DA:188,0
LF:32
LH:0
BRF:0
BRH:0
end_of_record
TN:
SF:src\modules\drafts\service\draft-upload.service.ts
FN:14,(anonymous_1)
FN:20,(anonymous_2)
FN:37,(anonymous_3)
FN:55,(anonymous_4)
FN:60,(anonymous_5)
FN:70,(anonymous_6)
FN:78,(anonymous_7)
FN:88,(anonymous_8)
FN:92,(anonymous_9)
FN:103,(anonymous_10)
FN:113,(anonymous_11)
FN:123,(anonymous_12)
FN:130,(anonymous_13)
FN:137,(anonymous_14)
FNF:14
FNH:0
FNDA:0,(anonymous_1)
FNDA:0,(anonymous_2)
FNDA:0,(anonymous_3)
FNDA:0,(anonymous_4)
FNDA:0,(anonymous_5)
FNDA:0,(anonymous_6)
FNDA:0,(anonymous_7)
FNDA:0,(anonymous_8)
FNDA:0,(anonymous_9)
FNDA:0,(anonymous_10)
FNDA:0,(anonymous_11)
FNDA:0,(anonymous_12)
FNDA:0,(anonymous_13)
FNDA:0,(anonymous_14)
DA:1,0
DA:2,0
DA:3,0
DA:4,0
DA:5,0
DA:6,0
DA:7,0
DA:9,0
DA:15,0
DA:16,0
DA:17,0
DA:21,0
DA:22,0
DA:23,0
DA:24,0
DA:25,0
DA:26,0
DA:27,0
DA:38,0
DA:39,0
DA:40,0
DA:41,0
DA:42,0
DA:43,0
DA:44,0
DA:45,0
DA:46,0
DA:48,0
DA:50,0
DA:51,0
DA:52,0
DA:53,0
DA:55,0
DA:56,0
DA:61,0
DA:62,0
DA:63,0
DA:64,0
DA:66,0
DA:71,0
DA:72,0
DA:73,0
DA:75,0
DA:79,0
DA:85,0
DA:89,0
DA:93,0
DA:94,0
DA:96,0
DA:97,0
DA:98,0
DA:100,0
DA:104,0
DA:105,0
DA:111,0
DA:112,0
DA:113,0
DA:114,0
DA:115,0
DA:116,0
DA:118,0
DA:120,0
DA:124,0
DA:125,0
DA:126,0
DA:127,0
DA:128,0
DA:129,0
DA:130,0
DA:132,0
DA:133,0
DA:138,0
DA:139,0
DA:140,0
DA:141,0
DA:142,0
DA:143,0
DA:148,0
LF:78
LH:0
BRDA:45,0,0,0
BRDA:45,0,1,0
BRDA:55,1,0,0
BRDA:71,2,0,0
BRDA:72,3,0,0
BRDA:85,4,0,0
BRDA:85,4,1,0
BRDA:93,5,0,0
BRDA:97,6,0,0
BRDA:112,7,0,0
BRDA:114,8,0,0
BRDA:115,9,0,0
BRDA:116,10,0,0
BRDA:120,11,0,0
BRDA:126,12,0,0
BRDA:126,12,1,0
BRDA:127,13,0,0
BRDA:127,13,1,0
BRDA:128,14,0,0
BRDA:128,14,1,0
BRDA:130,15,0,0
BRDA:142,16,0,0
BRDA:142,17,0,0
BRDA:142,17,1,0
BRF:24
BRH:0
end_of_record
TN:
SF:src\modules\drafts\service\draft-validation.service.ts
FN:16,(anonymous_9)
FN:25,(anonymous_10)
FN:34,(anonymous_11)
FN:51,(anonymous_12)
FN:62,(anonymous_13)
FN:79,(anonymous_14)
FN:100,(anonymous_15)
FN:118,(anonymous_16)
FN:152,(anonymous_17)
FN:156,(anonymous_18)
FN:178,(anonymous_19)
FN:192,(anonymous_20)
FN:213,(anonymous_21)
FNF:13
FNH:0
FNDA:0,(anonymous_9)
FNDA:0,(anonymous_10)
FNDA:0,(anonymous_11)
FNDA:0,(anonymous_12)
FNDA:0,(anonymous_13)
FNDA:0,(anonymous_14)
FNDA:0,(anonymous_15)
FNDA:0,(anonymous_16)
FNDA:0,(anonymous_17)
FNDA:0,(anonymous_18)
FNDA:0,(anonymous_19)
FNDA:0,(anonymous_20)
FNDA:0,(anonymous_21)
DA:2,0
DA:4,0
DA:6,0
DA:8,0
DA:9,0
DA:10,0
DA:11,0
DA:17,0
DA:18,0
DA:26,0
DA:27,0
DA:39,0
DA:40,0
DA:43,0
DA:44,0
DA:52,0
DA:53,0
DA:66,0
DA:67,0
DA:71,0
DA:72,0
DA:80,0
DA:92,0
DA:93,0
DA:101,0
DA:106,0
DA:107,0
DA:110,0
DA:111,0
DA:119,0
DA:130,0
DA:131,0
DA:133,0
DA:134,0
DA:136,0
DA:140,0
DA:141,0
DA:144,0
DA:145,0
DA:156,0
DA:158,0
DA:159,0
DA:164,0
DA:165,0
DA:167,0
DA:168,0
DA:179,0
DA:180,0
DA:183,0
DA:184,0
DA:185,0
DA:194,0
DA:195,0
DA:198,0
DA:199,0
DA:200,0
DA:201,0
DA:206,0
DA:207,0
DA:215,0
DA:218,0
DA:219,0
DA:222,0
DA:223,0
DA:226,0
DA:227,0
DA:231,0
LF:67
LH:0
BRDA:17,0,0,0
BRDA:26,1,0,0
BRDA:39,2,0,0
BRDA:43,3,0,0
BRDA:52,4,0,0
BRDA:66,5,0,0
BRDA:66,6,0,0
BRDA:66,6,1,0
BRDA:71,7,0,0
BRDA:71,8,0,0
BRDA:71,8,1,0
BRDA:92,9,0,0
BRDA:106,10,0,0
BRDA:110,11,0,0
BRDA:133,12,0,0
BRDA:140,13,0,0
BRDA:144,14,0,0
BRDA:158,15,0,0
BRDA:158,16,0,0
BRDA:158,16,1,0
BRDA:164,17,0,0
BRDA:167,18,0,0
BRDA:179,19,0,0
BRDA:184,20,0,0
BRDA:194,21,0,0
BRDA:194,22,0,0
BRDA:194,22,1,0
BRDA:198,23,0,0
BRDA:200,24,0,0
BRDA:206,25,0,0
BRDA:206,26,0,0
BRDA:206,26,1,0
BRDA:218,27,0,0
BRDA:222,28,0,0
BRDA:226,29,0,0
BRDA:231,30,0,0
BRDA:231,30,1,0
BRF:37
BRH:0
end_of_record
TN:
SF:src\modules\drafts\service\draft-workflow.service.ts
FNF:0
FNH:0
DA:2,0
LF:1
LH:0
BRF:0
BRH:0
end_of_record
TN:
SF:src\modules\drafts\service\raft-workflow.service.ts
FN:30,(anonymous_0)
FN:49,(anonymous_1)
FN:58,(anonymous_2)
FN:100,(anonymous_3)
FN:160,(anonymous_4)
FN:201,(anonymous_5)
FN:251,(anonymous_6)
FN:267,(anonymous_7)
FN:289,(anonymous_8)
FN:302,(anonymous_9)
FN:306,(anonymous_10)
FN:312,(anonymous_11)
FN:316,(anonymous_12)
FN:337,(anonymous_13)
FN:360,(anonymous_14)
FN:372,(anonymous_15)
FN:384,(anonymous_16)
FN:404,(anonymous_17)
FNF:18
FNH:0
FNDA:0,(anonymous_0)
FNDA:0,(anonymous_1)
FNDA:0,(anonymous_2)
FNDA:0,(anonymous_3)
FNDA:0,(anonymous_4)
FNDA:0,(anonymous_5)
FNDA:0,(anonymous_6)
FNDA:0,(anonymous_7)
FNDA:0,(anonymous_8)
FNDA:0,(anonymous_9)
FNDA:0,(anonymous_10)
FNDA:0,(anonymous_11)
FNDA:0,(anonymous_12)
FNDA:0,(anonymous_13)
FNDA:0,(anonymous_14)
FNDA:0,(anonymous_15)
FNDA:0,(anonymous_16)
FNDA:0,(anonymous_17)
DA:1,0
DA:2,0
DA:3,0
DA:4,0
DA:5,0
DA:6,0
DA:7,0
DA:8,0
DA:17,0
DA:18,0
DA:20,0
DA:30,0
DA:50,0
DA:51,0
DA:52,0
DA:59,0
DA:61,0
DA:62,0
DA:66,0
DA:67,0
DA:71,0
DA:74,0
DA:79,0
DA:82,0
DA:87,0
DA:94,0
DA:105,0
DA:107,0
DA:108,0
DA:112,0
DA:115,0
DA:118,0
DA:119,0
DA:125,0
DA:132,0
DA:138,0
DA:139,0
DA:147,0
DA:154,0
DA:161,0
DA:163,0
DA:164,0
DA:168,0
DA:171,0
DA:174,0
DA:179,0
DA:182,0
DA:183,0
DA:189,0
DA:195,0
DA:206,0
DA:208,0
DA:209,0
DA:213,0
DA:216,0
DA:217,0
DA:221,0
DA:227,0
DA:230,0
DA:231,0
DA:238,0
DA:245,0
DA:252,0
DA:268,0
DA:270,0
DA:271,0
DA:274,0
DA:285,0
DA:290,0
DA:291,0
DA:303,0
DA:307,0
DA:308,0
DA:309,0
DA:313,0
DA:317,0
DA:319,0
DA:320,0
DA:323,0
DA:324,0
DA:329,0
DA:330,0
DA:331,0
DA:332,0
DA:343,0
DA:344,0
DA:356,0
DA:361,0
DA:362,0
DA:368,0
DA:373,0
DA:374,0
DA:380,0
DA:388,0
DA:390,0
DA:391,0
DA:393,0
DA:398,0
DA:408,0
DA:410,0
DA:412,0
LF:101
LH:0
BRDA:50,0,0,0
BRDA:51,1,0,0
BRDA:52,2,0,0
BRDA:61,3,0,0
BRDA:66,4,0,0
BRDA:107,5,0,0
BRDA:118,6,0,0
BRDA:133,7,0,0
BRDA:133,7,1,0
BRDA:138,8,0,0
BRDA:142,9,0,0
BRDA:142,9,1,0
BRDA:150,10,0,0
BRDA:150,10,1,0
BRDA:163,11,0,0
BRDA:182,12,0,0
BRDA:192,13,0,0
BRDA:192,13,1,0
BRDA:208,14,0,0
BRDA:216,15,0,0
BRDA:230,16,0,0
BRDA:270,17,0,0
BRDA:286,18,0,0
BRDA:286,18,1,0
BRDA:287,19,0,0
BRDA:287,19,1,0
BRDA:288,20,0,0
BRDA:288,20,1,0
BRDA:288,21,0,0
BRDA:288,21,1,0
BRDA:290,22,0,0
BRDA:290,22,1,0
BRDA:292,23,0,0
BRDA:292,23,1,0
BRDA:294,24,0,0
BRDA:294,24,1,0
BRDA:303,25,0,0
BRDA:303,25,1,0
BRDA:307,26,0,0
BRDA:307,26,1,0
BRDA:308,27,0,0
BRDA:308,27,1,0
BRDA:313,28,0,0
BRDA:313,28,1,0
BRDA:319,29,0,0
BRDA:323,30,0,0
BRDA:329,31,0,0
BRDA:331,32,0,0
BRDA:388,33,0,0
BRDA:390,34,0,0
BRDA:390,34,1,0
BRDA:391,35,0,0
BRDA:391,35,1,0
BRDA:408,36,0,0
BRDA:410,37,0,0
BRDA:410,37,1,0
BRF:56
BRH:0
end_of_record
TN:
SF:src\modules\likes\routes.ts
FN:12,(anonymous_0)
FNF:1
FNH:0
FNDA:0,(anonymous_0)
DA:1,0
DA:2,0
DA:3,0
DA:4,0
DA:5,0
DA:6,0
DA:7,0
DA:9,0
DA:12,0
DA:13,0
DA:21,0
DA:34,0
DA:40,0
LF:13
LH:0
BRF:0
BRH:0
end_of_record
TN:
SF:src\modules\message-cards\routes.ts
FNF:0
FNH:0
DA:1,0
DA:2,0
DA:3,0
DA:5,0
DA:7,0
DA:8,0
DA:10,0
LF:7
LH:0
BRF:0
BRH:0
end_of_record
TN:
SF:src\modules\notifications\routes.ts
FNF:0
FNH:0
DA:1,0
DA:2,0
DA:3,0
DA:4,0
DA:5,0
DA:6,0
DA:13,0
DA:16,0
DA:21,0
DA:22,0
DA:23,0
DA:24,0
DA:26,0
LF:13
LH:0
BRF:0
BRH:0
end_of_record
TN:
SF:src\modules\orders\routes.ts
FNF:0
FNH:0
DA:1,0
DA:2,0
DA:3,0
DA:4,0
DA:5,0
DA:6,0
DA:7,0
DA:9,0
DA:11,0
DA:13,0
DA:14,0
DA:16,0
DA:18,0
DA:20,0
LF:14
LH:0
BRF:0
BRH:0
end_of_record
TN:
SF:src\modules\orders\service\order.service.ts
FN:6,(anonymous_0)
FN:14,(anonymous_1)
FN:23,(anonymous_2)
FN:29,(anonymous_3)
FNF:4
FNH:0
FNDA:0,(anonymous_0)
FNDA:0,(anonymous_1)
FNDA:0,(anonymous_2)
FNDA:0,(anonymous_3)
DA:1,0
DA:2,0
DA:3,0
DA:5,0
DA:7,0
DA:15,0
DA:19,0
DA:20,0
DA:24,0
DA:25,0
DA:26,0
DA:30,0
DA:31,0
DA:32,0
DA:34,0
DA:36,0
LF:16
LH:0
BRDA:19,0,0,0
BRDA:25,1,0,0
BRDA:31,2,0,0
BRDA:32,3,0,0
BRF:4
BRH:0
end_of_record
TN:
SF:src\modules\organizations\routes.ts
FNF:0
FNH:0
DA:1,0
DA:2,0
DA:3,0
DA:4,0
DA:5,0
DA:6,0
DA:16,0
DA:18,0
DA:20,0
DA:21,0
DA:23,0
DA:24,0
DA:25,0
DA:26,0
DA:27,0
DA:29,0
DA:30,0
DA:31,0
DA:33,0
LF:19
LH:0
BRF:0
BRH:0
end_of_record
TN:
SF:src\modules\payments\routes.ts
FNF:0
FNH:0
DA:1,0
DA:2,0
DA:3,0
DA:4,0
DA:5,0
DA:6,0
DA:16,0
DA:23,0
DA:26,0
DA:33,0
DA:34,0
DA:35,0
DA:36,0
DA:39,0
DA:42,0
DA:43,0
DA:45,0
LF:17
LH:0
BRF:0
BRH:0
end_of_record
TN:
SF:src\modules\payments\service\payment.service.ts
FN:63,(anonymous_10)
FN:86,(anonymous_11)
FN:103,(anonymous_12)
FN:116,(anonymous_13)
FN:125,(anonymous_14)
FN:141,(anonymous_15)
FN:213,(anonymous_16)
FN:214,(anonymous_17)
FN:238,(anonymous_18)
FN:239,(anonymous_19)
FN:269,(anonymous_20)
FN:279,(anonymous_21)
FN:280,(anonymous_22)
FN:306,(anonymous_23)
FN:319,(anonymous_24)
FN:320,(anonymous_25)
FN:351,(anonymous_26)
FN:357,(anonymous_27)
FN:365,(anonymous_28)
FN:375,(anonymous_29)
FN:458,(anonymous_30)
FN:487,(anonymous_31)
FN:525,(anonymous_32)
FN:562,(anonymous_33)
FN:597,(anonymous_34)
FNF:25
FNH:0
FNDA:0,(anonymous_10)
FNDA:0,(anonymous_11)
FNDA:0,(anonymous_12)
FNDA:0,(anonymous_13)
FNDA:0,(anonymous_14)
FNDA:0,(anonymous_15)
FNDA:0,(anonymous_16)
FNDA:0,(anonymous_17)
FNDA:0,(anonymous_18)
FNDA:0,(anonymous_19)
FNDA:0,(anonymous_20)
FNDA:0,(anonymous_21)
FNDA:0,(anonymous_22)
FNDA:0,(anonymous_23)
FNDA:0,(anonymous_24)
FNDA:0,(anonymous_25)
FNDA:0,(anonymous_26)
FNDA:0,(anonymous_27)
FNDA:0,(anonymous_28)
FNDA:0,(anonymous_29)
FNDA:0,(anonymous_30)
FNDA:0,(anonymous_31)
FNDA:0,(anonymous_32)
FNDA:0,(anonymous_33)
FNDA:0,(anonymous_34)
DA:1,0
DA:2,0
DA:3,0
DA:4,0
DA:5,0
DA:61,0
DA:65,0
DA:68,0
DA:70,0
DA:71,0
DA:78,0
DA:88,0
DA:90,0
DA:91,0
DA:96,0
DA:104,0
DA:113,0
DA:118,0
DA:119,0
DA:121,0
DA:126,0
DA:127,0
DA:130,0
DA:131,0
DA:134,0
DA:142,0
DA:144,0
DA:146,0
DA:200,0
DA:201,0
DA:213,0
DA:214,0
DA:215,0
DA:216,0
DA:217,0
DA:218,0
DA:221,0
DA:222,0
DA:228,0
DA:238,0
DA:239,0
DA:240,0
DA:241,0
DA:242,0
DA:243,0
DA:246,0
DA:247,0
DA:254,0
DA:264,0
DA:265,0
DA:270,0
DA:272,0
DA:273,0
DA:279,0
DA:280,0
DA:281,0
DA:282,0
DA:283,0
DA:284,0
DA:287,0
DA:288,0
DA:293,0
DA:301,0
DA:302,0
DA:307,0
DA:309,0
DA:310,0
DA:319,0
DA:320,0
DA:321,0
DA:322,0
DA:323,0
DA:324,0
DA:327,0
DA:328,0
DA:333,0
DA:342,0
DA:343,0
DA:348,0
DA:349,0
DA:353,0
DA:354,0
DA:358,0
DA:359,0
DA:360,0
DA:362,0
DA:375,0
DA:376,0
DA:378,0
DA:386,0
DA:387,0
DA:390,0
DA:395,0
DA:396,0
DA:399,0
DA:400,0
DA:404,0
DA:405,0
DA:407,0
DA:409,0
DA:424,0
DA:434,0
DA:441,0
DA:448,0
DA:454,0
DA:464,0
DA:472,0
DA:473,0
DA:476,0
DA:478,0
DA:480,0
DA:487,0
DA:488,0
DA:496,0
DA:497,0
DA:501,0
DA:502,0
DA:503,0
DA:504,0
DA:507,0
DA:510,0
DA:512,0
DA:515,0
DA:521,0
DA:532,0
DA:537,0
DA:538,0
DA:542,0
DA:543,0
DA:546,0
DA:547,0
DA:550,0
DA:551,0
DA:553,0
DA:555,0
DA:562,0
DA:563,0
DA:568,0
DA:574,0
DA:581,0
DA:588,0
DA:593,0
DA:598,0
DA:603,0
DA:604,0
DA:608,0
DA:609,0
DA:612,0
LF:148
LH:0
BRDA:70,0,0,0
BRDA:70,0,1,0
BRDA:90,1,0,0
BRDA:90,1,1,0
BRDA:126,2,0,0
BRDA:130,3,0,0
BRDA:130,4,0,0
BRDA:130,4,1,0
BRDA:152,5,0,0
BRDA:152,5,1,0
BRDA:160,6,0,0
BRDA:160,6,1,0
BRDA:161,7,0,0
BRDA:161,7,1,0
BRDA:162,8,0,0
BRDA:162,8,1,0
BRDA:167,9,0,0
BRDA:167,9,1,0
BRDA:169,10,0,0
BRDA:169,10,1,0
BRDA:170,11,0,0
BRDA:170,11,1,0
BRDA:171,12,0,0
BRDA:171,12,1,0
BRDA:175,13,0,0
BRDA:175,13,1,0
BRDA:176,14,0,0
BRDA:176,14,1,0
BRDA:177,15,0,0
BRDA:177,15,1,0
BRDA:178,16,0,0
BRDA:178,16,1,0
BRDA:182,17,0,0
BRDA:182,17,1,0
BRDA:183,18,0,0
BRDA:183,18,1,0
BRDA:184,19,0,0
BRDA:184,19,1,0
BRDA:185,20,0,0
BRDA:185,20,1,0
BRDA:200,21,0,0
BRDA:200,21,1,0
BRDA:215,22,0,0
BRDA:221,23,0,0
BRDA:221,23,1,0
BRDA:229,24,0,0
BRDA:229,24,1,0
BRDA:240,25,0,0
BRDA:246,26,0,0
BRDA:246,26,1,0
BRDA:281,27,0,0
BRDA:287,28,0,0
BRDA:287,28,1,0
BRDA:287,29,0,0
BRDA:287,29,1,0
BRDA:295,30,0,0
BRDA:295,30,1,0
BRDA:314,31,0,0
BRDA:314,31,1,0
BRDA:321,32,0,0
BRDA:327,33,0,0
BRDA:327,33,1,0
BRDA:336,34,0,0
BRDA:336,34,1,0
BRDA:357,35,0,0
BRDA:359,36,0,0
BRDA:386,37,0,0
BRDA:395,38,0,0
BRDA:399,39,0,0
BRDA:414,40,0,0
BRDA:414,40,1,0
BRDA:472,41,0,0
BRDA:492,42,0,0
BRDA:492,42,1,0
BRDA:496,43,0,0
BRDA:501,44,0,0
BRDA:501,44,1,0
BRDA:503,45,0,0
BRDA:537,46,0,0
BRDA:542,47,0,0
BRDA:546,48,0,0
BRDA:551,49,0,0
BRDA:551,49,1,0
BRDA:556,50,0,0
BRDA:556,50,1,0
BRDA:603,51,0,0
BRDA:608,52,0,0
BRF:87
BRH:0
end_of_record
TN:
SF:src\modules\projects\routes.ts
FNF:0
FNH:0
DA:1,0
DA:2,0
DA:3,0
DA:4,0
DA:5,0
DA:6,0
DA:7,0
DA:8,0
DA:10,0
DA:12,0
DA:13,0
DA:18,0
DA:19,0
DA:20,0
DA:21,0
DA:22,0
DA:24,0
DA:25,0
DA:26,0
DA:28,0
LF:20
LH:0
BRF:0
BRH:0
end_of_record
TN:
SF:src\modules\projects\service\project.service.ts
FN:6,(anonymous_0)
FN:10,(anonymous_1)
FN:17,(anonymous_2)
FN:27,(anonymous_3)
FN:36,(anonymous_4)
FN:44,(anonymous_5)
FN:52,(anonymous_6)
FN:60,(anonymous_7)
FNF:8
FNH:0
FNDA:0,(anonymous_0)
FNDA:0,(anonymous_1)
FNDA:0,(anonymous_2)
FNDA:0,(anonymous_3)
FNDA:0,(anonymous_4)
FNDA:0,(anonymous_5)
FNDA:0,(anonymous_6)
FNDA:0,(anonymous_7)
DA:2,0
DA:3,0
DA:5,0
DA:7,0
DA:11,0
DA:13,0
DA:14,0
DA:18,0
DA:19,0
DA:20,0
DA:21,0
DA:22,0
DA:24,0
DA:28,0
DA:29,0
DA:30,0
DA:31,0
DA:33,0
DA:37,0
DA:38,0
DA:39,0
DA:41,0
DA:45,0
DA:46,0
DA:47,0
DA:49,0
DA:53,0
DA:54,0
DA:55,0
DA:57,0
DA:61,0
DA:62,0
DA:63,0
DA:65,0
LF:34
LH:0
BRDA:19,0,0,0
BRDA:20,1,0,0
BRDA:22,2,0,0
BRDA:28,3,0,0
BRDA:30,4,0,0
BRDA:31,5,0,0
BRDA:31,6,0,0
BRDA:31,6,1,0
BRDA:37,7,0,0
BRDA:39,8,0,0
BRDA:45,9,0,0
BRDA:47,10,0,0
BRDA:53,11,0,0
BRDA:55,12,0,0
BRDA:61,13,0,0
BRDA:63,14,0,0
BRF:16
BRH:0
end_of_record
TN:
SF:src\modules\returns\routes.ts
FN:9,(anonymous_0)
FN:10,(anonymous_1)
FNF:2
FNH:0
FNDA:0,(anonymous_0)
FNDA:0,(anonymous_1)
DA:1,0
DA:2,0
DA:3,0
DA:4,0
DA:5,0
DA:6,0
DA:8,0
DA:9,0
DA:10,0
DA:12,0
DA:13,0
DA:14,0
DA:16,0
LF:13
LH:0
BRF:0
BRH:0
end_of_record
TN:
SF:src\modules\search\routes.ts
FNF:0
FNH:0
DA:1,0
DA:2,0
DA:3,0
DA:4,0
DA:8,0
DA:12,0
DA:14,0
DA:23,0
DA:37,0
DA:44,0
LF:10
LH:0
BRF:0
BRH:0
end_of_record
TN:
SF:src\modules\search\service\search.service.ts
FN:34,(anonymous_0)
FN:96,(anonymous_1)
FN:176,(anonymous_2)
FN:178,(anonymous_3)
FN:179,(anonymous_4)
FN:188,(anonymous_5)
FN:253,(anonymous_6)
FN:256,(anonymous_7)
FN:273,(anonymous_8)
FN:313,(anonymous_9)
FN:347,(anonymous_10)
FN:353,(anonymous_11)
FN:359,(anonymous_12)
FN:373,(anonymous_13)
FN:403,(anonymous_14)
FN:409,(anonymous_15)
FN:415,(anonymous_16)
FN:427,(anonymous_17)
FN:440,(anonymous_18)
FNF:19
FNH:0
FNDA:0,(anonymous_0)
FNDA:0,(anonymous_1)
FNDA:0,(anonymous_2)
FNDA:0,(anonymous_3)
FNDA:0,(anonymous_4)
FNDA:0,(anonymous_5)
FNDA:0,(anonymous_6)
FNDA:0,(anonymous_7)
FNDA:0,(anonymous_8)
FNDA:0,(anonymous_9)
FNDA:0,(anonymous_10)
FNDA:0,(anonymous_11)
FNDA:0,(anonymous_12)
FNDA:0,(anonymous_13)
FNDA:0,(anonymous_14)
FNDA:0,(anonymous_15)
FNDA:0,(anonymous_16)
FNDA:0,(anonymous_17)
FNDA:0,(anonymous_18)
DA:1,0
DA:30,0
DA:35,0
DA:36,0
DA:39,0
DA:41,0
DA:42,0
DA:45,0
DA:46,0
DA:53,0
DA:54,0
DA:58,0
DA:59,0
DA:64,0
DA:65,0
DA:69,0
DA:70,0
DA:76,0
DA:77,0
DA:80,0
DA:103,0
DA:105,0
DA:111,0
DA:112,0
DA:119,0
DA:120,0
DA:128,0
DA:129,0
DA:137,0
DA:176,0
DA:178,0
DA:179,0
DA:182,0
DA:193,0
DA:195,0
DA:211,0
DA:212,0
DA:223,0
DA:253,0
DA:254,0
DA:255,0
DA:256,0
DA:259,0
DA:271,0
DA:279,0
DA:281,0
DA:286,0
DA:287,0
DA:290,0
DA:307,0
DA:314,0
DA:316,0
DA:318,0
DA:321,0
DA:346,0
DA:347,0
DA:353,0
DA:359,0
DA:367,0
DA:375,0
DA:402,0
DA:403,0
DA:409,0
DA:415,0
DA:428,0
DA:430,0
LF:66
LH:0
BRDA:45,0,0,0
BRDA:45,1,0,0
BRDA:45,1,1,0
BRDA:58,2,0,0
BRDA:58,3,0,0
BRDA:58,3,1,0
BRDA:69,4,0,0
BRDA:69,5,0,0
BRDA:69,5,1,0
BRDA:69,5,2,0
BRDA:111,6,0,0
BRDA:119,7,0,0
BRDA:128,8,0,0
BRDA:211,9,0,0
BRDA:255,10,0,0
BRDA:255,10,1,0
BRDA:286,11,0,0
BRDA:313,12,0,0
BRDA:316,13,0,0
BRDA:428,14,0,0
BRF:20
BRH:0
end_of_record
TN:
SF:src\modules\shipments\routes.ts
FN:25,(anonymous_0)
FN:29,(anonymous_1)
FNF:2
FNH:0
FNDA:0,(anonymous_0)
FNDA:0,(anonymous_1)
DA:1,0
DA:2,0
DA:3,0
DA:4,0
DA:5,0
DA:14,0
DA:20,0
DA:22,0
DA:25,0
DA:26,0
DA:29,0
DA:30,0
DA:38,0
DA:49,0
DA:61,0
DA:73,0
DA:85,0
DA:98,0
DA:111,0
DA:118,0
LF:20
LH:0
BRF:0
BRH:0
end_of_record
TN:
SF:src\modules\shipments\provider\index.ts
FN:32,getShipmentProvider
FNF:1
FNH:0
FNDA:0,getShipmentProvider
DA:2,0
DA:32,0
DA:33,0
DA:34,0
DA:35,0
DA:37,0
LF:6
LH:0
BRDA:32,0,0,0
BRDA:33,1,0,0
BRF:2
BRH:0
end_of_record
TN:
SF:src\modules\shipments\provider\mock.provider.ts
FN:6,(anonymous_1)
FN:10,(anonymous_2)
FN:14,(anonymous_3)
FN:22,(anonymous_4)
FN:27,(anonymous_5)
FN:31,(anonymous_6)
FNF:6
FNH:0
FNDA:0,(anonymous_1)
FNDA:0,(anonymous_2)
FNDA:0,(anonymous_3)
FNDA:0,(anonymous_4)
FNDA:0,(anonymous_5)
FNDA:0,(anonymous_6)
DA:3,0
DA:5,0
DA:7,0
DA:11,0
DA:15,0
DA:16,0
DA:24,0
DA:28,0
DA:29,0
DA:30,0
DA:31,0
DA:40,0
LF:12
LH:0
BRDA:29,0,0,0
BRDA:29,1,0,0
BRDA:29,1,1,0
BRDA:29,1,2,0
BRDA:30,2,0,0
BRDA:30,2,1,0
BRDA:32,3,0,0
BRDA:32,3,1,0
BRDA:33,4,0,0
BRDA:33,4,1,0
BRF:10
BRH:0
end_of_record
TN:
SF:src\modules\shipments\service\ShipmentService.ts
FN:12,(anonymous_0)
FN:49,(anonymous_1)
FN:99,(anonymous_2)
FN:163,(anonymous_3)
FN:171,(anonymous_4)
FN:215,(anonymous_5)
FN:225,(anonymous_6)
FN:256,(anonymous_7)
FN:274,(anonymous_8)
FN:275,(anonymous_9)
FN:279,(anonymous_10)
FN:330,(anonymous_11)
FN:366,(anonymous_12)
FN:415,(anonymous_13)
FN:422,(anonymous_14)
FN:436,(anonymous_15)
FNF:16
FNH:0
FNDA:0,(anonymous_0)
FNDA:0,(anonymous_1)
FNDA:0,(anonymous_2)
FNDA:0,(anonymous_3)
FNDA:0,(anonymous_4)
FNDA:0,(anonymous_5)
FNDA:0,(anonymous_6)
FNDA:0,(anonymous_7)
FNDA:0,(anonymous_8)
FNDA:0,(anonymous_9)
FNDA:0,(anonymous_10)
FNDA:0,(anonymous_11)
FNDA:0,(anonymous_12)
FNDA:0,(anonymous_13)
FNDA:0,(anonymous_14)
FNDA:0,(anonymous_15)
DA:1,0
DA:2,0
DA:3,0
DA:4,0
DA:6,0
DA:8,0
DA:14,0
DA:19,0
DA:20,0
DA:23,0
DA:24,0
DA:27,0
DA:43,0
DA:50,0
DA:59,0
DA:60,0
DA:63,0
DA:64,0
DA:67,0
DA:81,0
DA:100,0
DA:118,0
DA:119,0
DA:126,0
DA:128,0
DA:129,0
DA:130,0
DA:134,0
DA:146,0
DA:170,0
DA:171,0
DA:174,0
DA:175,0
DA:182,0
DA:187,0
DA:188,0
DA:192,0
DA:199,0
DA:200,0
DA:204,0
DA:215,0
DA:216,0
DA:219,0
DA:226,0
DA:230,0
DA:232,0
DA:233,0
DA:234,0
DA:240,0
DA:241,0
DA:247,0
DA:257,0
DA:261,0
DA:262,0
DA:265,0
DA:266,0
DA:273,0
DA:274,0
DA:275,0
DA:279,0
DA:281,0
DA:282,0
DA:293,0
DA:294,0
DA:295,0
DA:296,0
DA:317,0
DA:324,0
DA:331,0
DA:334,0
DA:335,0
DA:336,0
DA:337,0
DA:341,0
DA:342,0
DA:343,0
DA:344,0
DA:348,0
DA:360,0
DA:361,0
DA:362,0
DA:366,0
DA:368,0
DA:369,0
DA:379,0
DA:380,0
DA:381,0
DA:401,0
DA:407,0
DA:409,0
DA:416,0
DA:429,0
DA:430,0
DA:441,0
LF:94
LH:0
BRDA:19,0,0,0
BRDA:23,1,0,0
BRDA:59,2,0,0
BRDA:63,3,0,0
BRDA:118,4,0,0
BRDA:126,5,0,0
BRDA:129,6,0,0
BRDA:174,7,0,0
BRDA:187,8,0,0
BRDA:199,9,0,0
BRDA:230,10,0,0
BRDA:240,11,0,0
BRDA:261,12,0,0
BRDA:281,13,0,0
BRDA:286,14,0,0
BRDA:286,14,1,0
BRDA:293,15,0,0
BRDA:298,16,0,0
BRDA:298,16,1,0
BRDA:313,17,0,0
BRDA:313,17,1,0
BRDA:335,18,0,0
BRDA:342,19,0,0
BRDA:351,20,0,0
BRDA:351,20,1,0
BRDA:360,21,0,0
BRDA:368,22,0,0
BRDA:379,23,0,0
BRDA:379,23,1,0
BRDA:383,24,0,0
BRDA:383,24,1,0
BRDA:397,25,0,0
BRDA:397,25,1,0
BRF:33
BRH:0
end_of_record
TN:
SF:src\modules\templates\routes.ts
FNF:0
FNH:0
DA:1,0
DA:2,0
DA:3,0
DA:4,0
DA:5,0
DA:6,0
DA:15,0
DA:21,0
DA:24,0
DA:28,0
DA:33,0
DA:34,0
DA:35,0
DA:36,0
DA:39,0
DA:40,0
DA:41,0
DA:43,0
LF:18
LH:0
BRF:0
BRH:0
end_of_record
TN:
SF:src\modules\templates\service\template.service.ts
FN:6,(anonymous_0)
FN:77,(anonymous_1)
FN:79,(anonymous_2)
FN:80,(anonymous_3)
FN:91,(anonymous_4)
FN:107,(anonymous_5)
FN:108,(anonymous_6)
FN:112,(anonymous_7)
FN:128,(anonymous_8)
FN:129,(anonymous_9)
FN:133,(anonymous_10)
FN:148,(anonymous_11)
FN:164,(anonymous_12)
FN:174,(anonymous_13)
FN:185,(anonymous_14)
FN:207,(anonymous_15)
FN:225,(anonymous_16)
FN:238,(anonymous_17)
FN:250,(anonymous_18)
FN:259,(anonymous_19)
FNF:20
FNH:0
FNDA:0,(anonymous_0)
FNDA:0,(anonymous_1)
FNDA:0,(anonymous_2)
FNDA:0,(anonymous_3)
FNDA:0,(anonymous_4)
FNDA:0,(anonymous_5)
FNDA:0,(anonymous_6)
FNDA:0,(anonymous_7)
FNDA:0,(anonymous_8)
FNDA:0,(anonymous_9)
FNDA:0,(anonymous_10)
FNDA:0,(anonymous_11)
FNDA:0,(anonymous_12)
FNDA:0,(anonymous_13)
FNDA:0,(anonymous_14)
FNDA:0,(anonymous_15)
FNDA:0,(anonymous_16)
FNDA:0,(anonymous_17)
FNDA:0,(anonymous_18)
FNDA:0,(anonymous_19)
DA:1,0
DA:2,0
DA:5,0
DA:16,0
DA:19,0
DA:21,0
DA:22,0
DA:23,0
DA:24,0
DA:27,0
DA:28,0
DA:34,0
DA:35,0
DA:44,0
DA:45,0
DA:55,0
DA:56,0
DA:57,0
DA:58,0
DA:59,0
DA:62,0
DA:76,0
DA:77,0
DA:79,0
DA:80,0
DA:92,0
DA:101,0
DA:102,0
DA:105,0
DA:107,0
DA:108,0
DA:113,0
DA:122,0
DA:123,0
DA:126,0
DA:128,0
DA:129,0
DA:143,0
DA:144,0
DA:145,0
DA:148,0
DA:150,0
DA:162,0
DA:163,0
DA:164,0
DA:172,0
DA:173,0
DA:174,0
DA:181,0
DA:194,0
DA:195,0
DA:196,0
DA:200,0
DA:201,0
DA:202,0
DA:203,0
DA:207,0
DA:209,0
DA:221,0
DA:222,0
DA:223,0
DA:224,0
DA:225,0
DA:234,0
DA:235,0
DA:236,0
DA:237,0
DA:238,0
DA:246,0
DA:251,0
DA:252,0
DA:253,0
DA:256,0
DA:261,0
LF:74
LH:0
BRDA:21,0,0,0
BRDA:21,0,1,0
BRDA:23,1,0,0
BRDA:27,2,0,0
BRDA:34,3,0,0
BRDA:44,4,0,0
BRDA:56,5,0,0
BRDA:56,5,1,0
BRDA:58,6,0,0
BRDA:101,7,0,0
BRDA:122,8,0,0
BRDA:144,9,0,0
BRDA:157,10,0,0
BRDA:157,10,1,0
BRDA:162,11,0,0
BRDA:162,12,0,0
BRDA:162,12,1,0
BRDA:172,13,0,0
BRDA:172,14,0,0
BRDA:172,14,1,0
BRDA:195,15,0,0
BRDA:200,16,0,0
BRDA:200,17,0,0
BRDA:200,17,1,0
BRDA:202,18,0,0
BRDA:221,19,0,0
BRDA:223,20,0,0
BRDA:234,21,0,0
BRDA:236,22,0,0
BRDA:252,23,0,0
BRDA:259,24,0,0
BRF:31
BRH:0
end_of_record
TN:
SF:src\modules\users\routes.ts
FNF:0
FNH:0
DA:1,0
DA:2,0
DA:3,0
DA:4,0
DA:5,0
DA:6,0
DA:7,0
DA:8,0
DA:10,0
DA:12,0
DA:13,0
DA:14,0
DA:15,0
DA:16,0
DA:17,0
DA:18,0
DA:19,0
DA:21,0
LF:18
LH:0
BRF:0
BRH:0
end_of_record
TN:
SF:src\modules\users\service\user.service.ts
FN:8,(anonymous_0)
FN:43,(anonymous_1)
FN:63,(anonymous_2)
FNF:3
FNH:0
FNDA:0,(anonymous_0)
FNDA:0,(anonymous_1)
FNDA:0,(anonymous_2)
DA:1,0
DA:3,0
DA:4,0
DA:5,0
DA:7,0
DA:9,0
DA:10,0
DA:11,0
DA:12,0
DA:45,0
DA:46,0
DA:47,0
DA:48,0
DA:49,0
DA:50,0
DA:55,0
DA:56,0
DA:59,0
DA:60,0
DA:64,0
DA:65,0
DA:66,0
DA:67,0
DA:68,0
DA:70,0
DA:71,0
DA:72,0
LF:27
LH:0
BRDA:10,0,0,0
BRDA:11,1,0,0
BRDA:11,1,1,0
BRDA:18,2,0,0
BRDA:18,2,1,0
BRDA:19,3,0,0
BRDA:19,3,1,0
BRDA:20,4,0,0
BRDA:20,4,1,0
BRDA:21,5,0,0
BRDA:21,5,1,0
BRDA:22,6,0,0
BRDA:22,6,1,0
BRDA:23,7,0,0
BRDA:23,7,1,0
BRDA:24,8,0,0
BRDA:24,8,1,0
BRDA:25,9,0,0
BRDA:25,9,1,0
BRDA:26,10,0,0
BRDA:26,10,1,0
BRDA:27,11,0,0
BRDA:27,11,1,0
BRDA:28,12,0,0
BRDA:28,12,1,0
BRDA:29,13,0,0
BRDA:29,13,1,0
BRDA:30,14,0,0
BRDA:30,14,1,0
BRDA:31,15,0,0
BRDA:31,15,1,0
BRDA:32,16,0,0
BRDA:32,16,1,0
BRDA:33,17,0,0
BRDA:33,17,1,0
BRDA:34,18,0,0
BRDA:34,18,1,0
BRDA:35,19,0,0
BRDA:35,19,1,0
BRDA:36,20,0,0
BRDA:36,20,1,0
BRDA:37,21,0,0
BRDA:37,21,1,0
BRDA:38,22,0,0
BRDA:38,22,1,0
BRDA:45,23,0,0
BRDA:47,24,0,0
BRDA:47,24,1,0
BRDA:48,25,0,0
BRDA:48,25,1,0
BRDA:49,26,0,0
BRDA:65,27,0,0
BRDA:67,28,0,0
BRF:53
BRH:0
end_of_record
TN:
SF:src\modules\users\service\userVerification.service.ts
FN:7,(anonymous_0)
FN:22,(anonymous_1)
FNF:2
FNH:0
FNDA:0,(anonymous_0)
FNDA:0,(anonymous_1)
DA:1,0
DA:2,0
DA:3,0
DA:4,0
DA:6,0
DA:8,0
DA:9,0
DA:10,0
DA:12,0
DA:14,0
DA:16,0
DA:18,0
DA:23,0
DA:27,0
DA:28,0
DA:29,0
DA:30,0
DA:38,0
LF:18
LH:0
BRDA:16,0,0,0
BRDA:27,1,0,0
BRDA:29,2,0,0
BRF:3
BRH:0
end_of_record
TN:
SF:src\modules\wallet\routes.ts
FN:18,(anonymous_0)
FN:22,(anonymous_1)
FNF:2
FNH:0
FNDA:0,(anonymous_0)
FNDA:0,(anonymous_1)
DA:1,0
DA:2,0
DA:3,0
DA:4,0
DA:11,0
DA:12,0
DA:13,0
DA:15,0
DA:18,0
DA:19,0
DA:22,0
DA:23,0
DA:31,0
DA:43,0
DA:55,0
DA:66,0
DA:79,0
DA:87,0
LF:18
LH:0
BRF:0
BRH:0
end_of_record
TN:
SF:src\modules\wallet\service\wallet.service.ts
FN:23,(anonymous_0)
FN:33,(anonymous_1)
FN:58,(anonymous_2)
FN:66,(anonymous_3)
FN:104,(anonymous_4)
FN:131,(anonymous_5)
FN:164,(anonymous_6)
FN:181,(anonymous_7)
FN:208,(anonymous_8)
FN:225,(anonymous_9)
FN:255,(anonymous_10)
FN:305,(anonymous_11)
FN:316,(anonymous_12)
FN:328,(anonymous_13)
FN:343,(anonymous_14)
FNF:15
FNH:0
FNDA:0,(anonymous_0)
FNDA:0,(anonymous_1)
FNDA:0,(anonymous_2)
FNDA:0,(anonymous_3)
FNDA:0,(anonymous_4)
FNDA:0,(anonymous_5)
FNDA:0,(anonymous_6)
FNDA:0,(anonymous_7)
FNDA:0,(anonymous_8)
FNDA:0,(anonymous_9)
FNDA:0,(anonymous_10)
FNDA:0,(anonymous_11)
FNDA:0,(anonymous_12)
FNDA:0,(anonymous_13)
FNDA:0,(anonymous_14)
DA:1,0
DA:2,0
DA:3,0
DA:8,0
DA:16,0
DA:18,0
DA:24,0
DA:28,0
DA:29,0
DA:33,0
DA:34,0
DA:42,0
DA:51,0
DA:59,0
DA:60,0
DA:72,0
DA:73,0
DA:75,0
DA:76,0
DA:77,0
DA:80,0
DA:90,0
DA:111,0
DA:112,0
DA:115,0
DA:138,0
DA:139,0
DA:143,0
DA:144,0
DA:145,0
DA:150,0
DA:165,0
DA:167,0
DA:169,0
DA:171,0
DA:173,0
DA:186,0
DA:188,0
DA:196,0
DA:198,0
DA:213,0
DA:231,0
DA:234,0
DA:239,0
DA:240,0
DA:243,0
DA:260,0
DA:262,0
DA:263,0
DA:264,0
DA:268,0
DA:273,0
DA:274,0
DA:277,0
DA:278,0
DA:281,0
DA:282,0
DA:286,0
DA:294,0
DA:296,0
DA:309,0
DA:310,0
DA:317,0
DA:327,0
DA:329,0
DA:333,0
DA:338,0
DA:343,0
DA:348,0
LF:69
LH:0
BRDA:28,0,0,0
BRDA:76,1,0,0
BRDA:111,2,0,0
BRDA:138,3,0,0
BRDA:144,4,0,0
BRDA:165,5,0,0
BRDA:165,5,1,0
BRDA:165,5,2,0
BRDA:165,5,3,0
BRDA:239,6,0,0
BRDA:247,7,0,0
BRDA:247,7,1,0
BRDA:263,8,0,0
BRDA:273,9,0,0
BRDA:277,10,0,0
BRDA:281,11,0,0
BRDA:330,12,0,0
BRDA:330,12,1,0
BRDA:340,13,0,0
BRDA:340,13,1,0
BRDA:340,14,0,0
BRDA:340,14,1,0
BRDA:341,15,0,0
BRDA:341,15,1,0
BRDA:342,16,0,0
BRDA:342,16,1,0
BRF:26
BRH:0
end_of_record
TN:
SF:src\queue\ai.queue.ts
FNF:0
FNH:0
DA:1,0
DA:3,0
DA:16,0
DA:18,0
DA:20,0
DA:24,0
LF:6
LH:0
BRDA:20,0,0,0
BRDA:20,0,1,0
BRDA:20,1,0,0
BRDA:20,1,1,0
BRF:4
BRH:0
end_of_record
TN:
SF:src\queue\ai.worker.ts
FN:22,(anonymous_1)
FN:47,(anonymous_2)
FNF:2
FNH:0
FNDA:0,(anonymous_1)
FNDA:0,(anonymous_2)
DA:1,0
DA:2,0
DA:3,0
DA:4,0
DA:5,0
DA:6,0
DA:7,0
DA:8,0
DA:9,0
DA:10,0
DA:11,0
DA:12,0
DA:14,0
DA:19,0
DA:23,0
DA:24,0
DA:27,0
DA:28,0
DA:29,0
DA:32,0
DA:33,0
DA:34,0
DA:41,0
DA:42,0
DA:43,0
DA:44,0
DA:46,0
DA:48,0
DA:49,0
DA:50,0
DA:51,0
DA:52,0
DA:53,0
DA:54,0
DA:62,0
DA:66,0
DA:67,0
DA:69,0
DA:70,0
DA:71,0
DA:72,0
DA:74,0
DA:75,0
DA:76,0
DA:78,0
DA:81,0
LF:46
LH:0
BRDA:19,0,0,0
BRDA:19,0,1,0
BRDA:28,1,0,0
BRDA:28,2,0,0
BRDA:28,2,1,0
BRDA:33,3,0,0
BRDA:33,3,1,0
BRDA:69,4,0,0
BRDA:69,4,1,0
BRDA:74,5,0,0
BRDA:74,6,0,0
BRDA:74,6,1,0
BRDA:74,7,0,0
BRDA:74,7,1,0
BRDA:74,7,2,0
BRF:15
BRH:0
end_of_record
TN:
SF:src\queue\connection.ts
FN:5,createRedisConnection
FNF:1
FNH:0
FNDA:0,createRedisConnection
DA:1,0
DA:3,0
DA:5,0
DA:6,0
DA:7,0
DA:11,0
LF:6
LH:0
BRDA:6,0,0,0
BRDA:6,1,0,0
BRDA:6,1,1,0
BRF:3
BRH:0
end_of_record
TN:
SF:src\scripts\cleanup-email-queue.ts
FN:6,main
FN:37,(anonymous_1)
FNF:2
FNH:0
FNDA:0,main
FNDA:0,(anonymous_1)
DA:3,0
DA:4,0
DA:7,0
DA:8,0
DA:11,0
DA:12,0
DA:15,0
DA:18,0
DA:21,0
DA:22,0
DA:24,0
DA:31,0
DA:32,0
DA:36,0
DA:37,0
DA:40,0
LF:16
LH:0
BRDA:36,0,0,0
BRF:1
BRH:0
end_of_record
TN:
SF:src\scripts\cleanup-tmp-ai.ts
FN:6,walk
FN:17,main
FN:25,(anonymous_3)
FN:41,(anonymous_4)
FNF:4
FNH:0
FNDA:0,walk
FNDA:0,main
FNDA:0,(anonymous_3)
FNDA:0,(anonymous_4)
DA:1,0
DA:2,0
DA:3,0
DA:4,0
DA:7,0
DA:8,0
DA:9,0
DA:10,0
DA:11,0
DA:12,0
DA:14,0
DA:18,0
DA:19,0
DA:20,0
DA:21,0
DA:22,0
DA:23,0
DA:24,0
DA:26,0
DA:27,0
DA:28,0
DA:29,0
DA:30,0
DA:35,0
DA:37,0
DA:41,0
DA:42,0
DA:43,0
LF:28
LH:0
BRDA:11,0,0,0
BRDA:11,0,1,0
BRDA:18,1,0,0
BRDA:18,1,1,0
BRDA:28,2,0,0
BRF:5
BRH:0
end_of_record
TN:
SF:src\services\ai\stability.provider.ts
FN:11,(anonymous_0)
FN:15,(anonymous_1)
FN:23,(anonymous_2)
FN:45,(anonymous_3)
FN:98,(anonymous_4)
FNF:5
FNH:0
FNDA:0,(anonymous_0)
FNDA:0,(anonymous_1)
FNDA:0,(anonymous_2)
FNDA:0,(anonymous_3)
FNDA:0,(anonymous_4)
DA:9,0
DA:12,0
DA:17,0
DA:18,0
DA:19,0
DA:20,0
DA:24,0
DA:25,0
DA:26,0
DA:27,0
DA:28,0
DA:29,0
DA:30,0
DA:31,0
DA:32,0
DA:33,0
DA:34,0
DA:35,0
DA:36,0
DA:39,0
DA:40,0
DA:42,0
DA:43,0
DA:44,0
DA:45,0
DA:46,0
DA:55,0
DA:57,0
DA:58,0
DA:59,0
DA:62,0
DA:63,0
DA:64,0
DA:65,0
DA:69,0
DA:70,0
DA:71,0
DA:72,0
DA:73,0
DA:74,0
DA:75,0
DA:76,0
DA:77,0
DA:78,0
DA:79,0
DA:80,0
DA:81,0
DA:83,0
DA:84,0
DA:87,0
DA:90,0
DA:93,0
DA:94,0
DA:96,0
DA:98,0
DA:101,0
LF:56
LH:0
BRDA:17,0,0,0
BRDA:19,1,0,0
BRDA:24,2,0,0
BRDA:29,3,0,0
BRDA:34,4,0,0
BRDA:35,5,0,0
BRDA:57,6,0,0
BRDA:62,7,0,0
BRDA:62,7,1,0
BRDA:63,8,0,0
BRDA:69,9,0,0
BRDA:71,10,0,0
BRDA:71,10,1,0
BRDA:73,11,0,0
BRDA:78,12,0,0
BRDA:80,13,0,0
BRDA:87,14,0,0
BRDA:101,15,0,0
BRDA:101,15,1,0
BRF:19
BRH:0
end_of_record
TN:
SF:src\shared\email\cleanup.ts
FN:10,(anonymous_0)
FN:30,(anonymous_1)
FN:45,(anonymous_2)
FN:67,(anonymous_3)
FN:85,(anonymous_4)
FN:91,(anonymous_5)
FNF:6
FNH:0
FNDA:0,(anonymous_0)
FNDA:0,(anonymous_1)
FNDA:0,(anonymous_2)
FNDA:0,(anonymous_3)
FNDA:0,(anonymous_4)
FNDA:0,(anonymous_5)
DA:1,0
DA:2,0
DA:4,0
DA:11,0
DA:12,0
DA:14,0
DA:15,0
DA:16,0
DA:23,0
DA:25,0
DA:26,0
DA:30,0
DA:33,0
DA:34,0
DA:36,0
DA:37,0
DA:46,0
DA:48,0
DA:49,0
DA:56,0
DA:57,0
DA:59,0
DA:60,0
DA:74,0
DA:85,0
DA:86,0
DA:87,0
DA:90,0
DA:91,0
LF:29
LH:0
BRDA:10,0,0,0
BRDA:10,1,0,0
BRDA:25,2,0,0
BRDA:45,3,0,0
BRDA:92,4,0,0
BRDA:92,4,1,0
BRDA:93,5,0,0
BRDA:93,5,1,0
BRDA:94,6,0,0
BRDA:94,6,1,0
BRDA:95,7,0,0
BRDA:95,7,1,0
BRF:12
BRH:0
end_of_record
TN:
SF:src\shared\email\mailer.ts
FN:33,sendEmail
FN:71,(anonymous_11)
FN:74,(anonymous_12)
FNF:3
FNH:0
FNDA:0,sendEmail
FNDA:0,(anonymous_11)
FNDA:0,(anonymous_12)
DA:1,0
DA:2,0
DA:3,0
DA:13,0
DA:33,0
DA:34,0
DA:43,0
DA:44,0
DA:45,0
DA:57,0
DA:61,0
DA:62,0
DA:65,0
DA:66,0
DA:71,0
DA:72,0
DA:74,0
DA:75,0
DA:76,0
LF:19
LH:0
BRDA:14,0,0,0
BRDA:14,0,1,0
BRDA:23,1,0,0
BRDA:23,1,1,0
BRDA:23,2,0,0
BRDA:23,2,1,0
BRDA:26,3,0,0
BRDA:26,3,1,0
BRDA:27,4,0,0
BRDA:27,4,1,0
BRDA:43,5,0,0
BRDA:43,5,1,0
BRDA:43,6,0,0
BRDA:43,6,1,0
BRDA:53,7,0,0
BRDA:53,7,1,0
BRDA:61,8,0,0
BRDA:68,9,0,0
BRDA:68,9,1,0
BRF:19
BRH:0
end_of_record
TN:
SF:src\shared\errors\ApiError.ts
FN:5,(anonymous_0)
FN:13,(anonymous_1)
FN:14,(anonymous_2)
FN:15,(anonymous_3)
FN:16,(anonymous_4)
FN:17,(anonymous_5)
FN:18,(anonymous_6)
FN:19,(anonymous_7)
FNF:8
FNH:0
FNDA:0,(anonymous_0)
FNDA:0,(anonymous_1)
FNDA:0,(anonymous_2)
FNDA:0,(anonymous_3)
FNDA:0,(anonymous_4)
FNDA:0,(anonymous_5)
FNDA:0,(anonymous_6)
FNDA:0,(anonymous_7)
DA:1,0
DA:6,0
DA:7,0
DA:8,0
DA:9,0
DA:13,0
DA:14,0
DA:15,0
DA:16,0
DA:17,0
DA:18,0
DA:19,0
LF:12
LH:0
BRDA:13,0,0,0
BRDA:14,1,0,0
BRDA:15,2,0,0
BRDA:16,3,0,0
BRDA:17,4,0,0
BRDA:18,5,0,0
BRDA:19,6,0,0
BRF:7
BRH:0
end_of_record
TN:
SF:src\shared\firebase\admin.ts
FN:6,getFirebaseAdmin
FN:34,verifyFirebaseIdToken
FNF:2
FNH:0
FNDA:0,getFirebaseAdmin
FNDA:0,verifyFirebaseIdToken
DA:1,0
DA:3,0
DA:4,0
DA:6,0
DA:7,0
DA:8,0
DA:10,0
DA:12,0
DA:15,0
DA:16,0
DA:17,0
DA:18,0
DA:19,0
DA:26,0
DA:31,0
DA:34,0
DA:35,0
DA:36,0
DA:37,0
DA:38,0
DA:39,0
DA:41,0
LF:22
LH:0
BRDA:7,0,0,0
BRDA:15,1,0,0
BRDA:16,2,0,0
BRDA:18,3,0,0
BRDA:18,3,1,0
BRDA:21,4,0,0
BRDA:21,4,1,0
BRDA:22,5,0,0
BRDA:22,5,1,0
BRDA:23,6,0,0
BRDA:23,6,1,0
BRDA:36,7,0,0
BRF:12
BRH:0
end_of_record
TN:
SF:src\shared\helpers\asyncHandler.ts
FN:3,asyncHandler
FN:4,(anonymous_1)
FNF:2
FNH:0
FNDA:0,asyncHandler
FNDA:0,(anonymous_1)
DA:3,0
DA:4,0
DA:5,0
LF:3
LH:0
BRF:0
BRH:0
end_of_record
TN:
SF:src\shared\helpers\crypto.ts
FN:12,hashPassword
FN:18,verifyPassword
FN:27,hashToken
FN:32,verifyTokenHash
FNF:4
FNH:4
FNDA:17,hashPassword
FNDA:5,verifyPassword
FNDA:7,hashToken
FNDA:4,verifyTokenHash
DA:1,1
DA:2,1
DA:4,1
DA:5,1
DA:12,1
DA:14,17
DA:15,17
DA:18,1
DA:19,5
DA:21,5
DA:23,1
DA:27,1
DA:28,7
DA:29,7
DA:32,1
DA:33,4
DA:34,4
DA:36,1
LF:18
LH:18
BRDA:7,0,0,1
BRDA:7,0,1,0
BRDA:8,1,0,1
BRDA:8,1,1,0
BRF:4
BRH:2
end_of_record
TN:
SF:src\shared\helpers\jwt.ts
FN:18,signAccessToken
FN:23,signRefreshToken
FN:28,verifyToken
FN:37,decodeWithoutVerify
FN:46,durationToSeconds
FNF:5
FNH:0
FNDA:0,signAccessToken
FNDA:0,signRefreshToken
FNDA:0,verifyToken
FNDA:0,decodeWithoutVerify
FNDA:0,durationToSeconds
DA:1,0
DA:2,0
DA:18,0
DA:19,0
DA:20,0
DA:23,0
DA:24,0
DA:25,0
DA:28,0
DA:29,0
DA:30,0
DA:31,0
DA:33,0
DA:37,0
DA:38,0
DA:39,0
DA:40,0
DA:42,0
DA:48,0
DA:49,0
DA:50,0
DA:51,0
DA:52,0
DA:53,0
DA:54,0
DA:55,0
DA:56,0
LF:27
LH:0
BRDA:30,0,0,0
BRDA:30,0,1,0
BRDA:40,1,0,0
BRDA:40,1,1,0
BRDA:49,2,0,0
BRDA:52,3,0,0
BRDA:53,4,0,0
BRDA:54,5,0,0
BRDA:55,6,0,0
BRF:9
BRH:0
end_of_record
TN:
SF:src\shared\image\watermark.ts
FN:14,getGravity
FN:28,applyWatermark
FN:84,renderTextOverlay
FN:102,escapeXml
FNF:4
FNH:0
FNDA:0,getGravity
FNDA:0,applyWatermark
FNDA:0,renderTextOverlay
FNDA:0,escapeXml
DA:2,0
DA:3,0
DA:4,0
DA:5,0
DA:15,0
DA:17,0
DA:19,0
DA:21,0
DA:24,0
DA:28,0
DA:29,0
DA:30,0
DA:32,0
DA:39,0
DA:40,0
DA:41,0
DA:45,0
DA:46,0
DA:47,0
DA:50,0
DA:52,0
DA:53,0
DA:59,0
DA:61,0
DA:62,0
DA:64,0
DA:67,0
DA:69,0
DA:81,0
DA:85,0
DA:86,0
DA:87,0
DA:98,0
DA:99,0
DA:103,0
LF:35
LH:0
BRDA:15,0,0,0
BRDA:15,0,1,0
BRDA:15,0,2,0
BRDA:15,0,3,0
BRDA:15,0,4,0
BRDA:29,1,0,0
BRDA:33,2,0,0
BRDA:33,2,1,0
BRDA:34,3,0,0
BRDA:34,3,1,0
BRDA:35,4,0,0
BRDA:35,4,1,0
BRDA:36,5,0,0
BRDA:36,5,1,0
BRDA:41,6,0,0
BRDA:41,6,1,0
BRDA:45,7,0,0
BRDA:45,7,1,0
BRDA:47,8,0,0
BRDA:47,8,1,0
BRDA:52,9,0,0
BRDA:52,9,1,0
BRDA:52,10,0,0
BRDA:52,10,1,0
BRDA:59,11,0,0
BRDA:59,11,1,0
BRDA:59,12,0,0
BRDA:59,12,1,0
BRDA:61,13,0,0
BRDA:61,13,1,0
BRDA:62,14,0,0
BRDA:62,14,1,0
BRDA:64,15,0,0
BRDA:64,15,1,0
BRDA:67,16,0,0
BRDA:67,16,1,0
BRDA:85,17,0,0
BRDA:85,17,1,0
BRDA:98,18,0,0
BRF:39
BRH:0
end_of_record
TN:
SF:src\shared\services\notification.service.ts
FN:19,(anonymous_0)
FN:54,(anonymous_1)
FN:101,(anonymous_2)
FN:103,(anonymous_3)
FN:114,(anonymous_4)
FN:127,(anonymous_5)
FN:136,(anonymous_6)
FN:152,(anonymous_7)
FN:159,(anonymous_8)
FN:163,(anonymous_9)
FNF:10
FNH:0
FNDA:0,(anonymous_0)
FNDA:0,(anonymous_1)
FNDA:0,(anonymous_2)
FNDA:0,(anonymous_3)
FNDA:0,(anonymous_4)
FNDA:0,(anonymous_5)
FNDA:0,(anonymous_6)
FNDA:0,(anonymous_7)
FNDA:0,(anonymous_8)
FNDA:0,(anonymous_9)
DA:1,0
DA:2,0
DA:3,0
DA:18,0
DA:20,0
DA:21,0
DA:29,0
DA:38,0
DA:40,0
DA:41,0
DA:43,0
DA:44,0
DA:50,0
DA:59,0
DA:86,0
DA:88,0
DA:89,0
DA:90,0
DA:93,0
DA:94,0
DA:95,0
DA:97,0
DA:102,0
DA:103,0
DA:114,0
DA:127,0
DA:136,0
DA:148,0
DA:149,0
DA:153,0
DA:160,0
DA:167,0
DA:168,0
DA:169,0
DA:171,0
DA:172,0
DA:174,0
DA:179,0
LF:38
LH:0
BRDA:38,0,0,0
BRDA:40,1,0,0
BRDA:40,1,1,0
BRDA:43,2,0,0
BRDA:43,3,0,0
BRDA:43,3,1,0
BRDA:88,4,0,0
BRDA:104,5,0,0
BRDA:104,5,1,0
BRDA:106,6,0,0
BRDA:106,6,1,0
BRDA:110,7,0,0
BRDA:110,7,1,0
BRDA:115,8,0,0
BRDA:115,8,1,0
BRDA:117,9,0,0
BRDA:117,9,1,0
BRDA:121,10,0,0
BRDA:121,10,1,0
BRDA:128,11,0,0
BRDA:128,11,1,0
BRDA:130,12,0,0
BRDA:130,12,1,0
BRDA:137,13,0,0
BRDA:137,13,1,0
BRDA:139,14,0,0
BRDA:139,14,1,0
BRDA:142,15,0,0
BRDA:142,15,1,0
BRDA:149,16,0,0
BRDA:149,16,1,0
BRDA:167,17,0,0
BRDA:167,17,1,0
BRDA:168,18,0,0
BRDA:168,18,1,0
BRDA:172,19,0,0
BRF:36
BRH:0
end_of_record
TN:
SF:src\shared\sms\sms.ts
FN:4,sendSms
FNF:1
FNH:0
FNDA:0,sendSms
DA:1,0
DA:2,0
DA:4,0
DA:5,0
DA:6,0
DA:7,0
DA:9,0
DA:10,0
DA:11,0
DA:12,0
DA:14,0
DA:18,0
LF:12
LH:0
BRDA:6,0,0,0
BRDA:6,1,0,0
BRDA:6,1,1,0
BRDA:6,1,2,0
BRDA:6,1,3,0
BRF:5
BRH:0
end_of_record
TN:
SF:src\shared\upload\multer.ts
FN:13,(anonymous_1)
FN:24,(anonymous_2)
FN:31,extensionForMime
FN:39,isAllowedMime
FN:60,(anonymous_5)
FN:81,attachRelativePath
FN:92,validateMagicBytes
FN:111,detectMime
FN:129,sanitizeImage
FNF:9
FNH:0
FNDA:0,(anonymous_1)
FNDA:0,(anonymous_2)
FNDA:0,extensionForMime
FNDA:0,isAllowedMime
FNDA:0,(anonymous_5)
FNDA:0,attachRelativePath
FNDA:0,validateMagicBytes
FNDA:0,detectMime
FNDA:0,sanitizeImage
DA:1,0
DA:3,0
DA:4,0
DA:5,0
DA:7,0
DA:9,0
DA:10,0
DA:12,0
DA:14,0
DA:16,0
DA:17,0
DA:18,0
DA:20,0
DA:21,0
DA:22,0
DA:25,0
DA:26,0
DA:27,0
DA:32,0
DA:33,0
DA:34,0
DA:35,0
DA:36,0
DA:40,0
DA:43,0
DA:62,0
DA:63,0
DA:66,0
DA:67,0
DA:70,0
DA:71,0
DA:72,0
DA:74,0
DA:78,0
DA:81,0
DA:82,0
DA:83,0
DA:84,0
DA:85,0
DA:86,0
DA:88,0
DA:92,0
DA:93,0
DA:94,0
DA:95,0
DA:96,0
DA:97,0
DA:98,0
DA:99,0
DA:100,0
DA:101,0
DA:102,0
DA:103,0
DA:105,0
DA:107,0
DA:113,0
DA:115,0
DA:117,0
DA:122,0
DA:124,0
DA:125,0
DA:129,0
DA:130,0
DA:131,0
DA:132,0
DA:133,0
DA:134,0
DA:135,0
DA:137,0
DA:138,0
DA:139,0
DA:140,0
DA:141,0
DA:142,0
DA:144,0
LF:75
LH:0
BRDA:9,0,0,0
BRDA:9,0,1,0
BRDA:10,1,0,0
BRDA:17,2,0,0
BRDA:32,3,0,0
BRDA:33,4,0,0
BRDA:34,5,0,0
BRDA:35,6,0,0
BRDA:62,7,0,0
BRDA:66,8,0,0
BRDA:71,9,0,0
BRDA:83,10,0,0
BRDA:83,10,1,0
BRDA:83,11,0,0
BRDA:83,11,1,0
BRDA:84,12,0,0
BRDA:84,13,0,0
BRDA:84,13,1,0
BRDA:95,14,0,0
BRDA:95,14,1,0
BRDA:96,15,0,0
BRDA:102,16,0,0
BRDA:102,17,0,0
BRDA:102,17,1,0
BRDA:113,18,0,0
BRDA:115,19,0,0
BRDA:115,20,0,0
BRDA:115,20,1,0
BRDA:117,21,0,0
BRDA:118,22,0,0
BRDA:118,22,1,0
BRDA:118,22,2,0
BRDA:124,23,0,0
BRDA:133,24,0,0
BRDA:134,25,0,0
BRDA:137,26,0,0
BRDA:137,26,1,0
BRDA:138,27,0,0
BRDA:138,27,1,0
BRDA:139,28,0,0
BRDA:139,28,1,0
BRF:41
BRH:0
end_of_record
TN:
SF:src\utils\logger.ts
FNF:0
FNH:0
DA:1,0
DA:3,0
LF:2
LH:0
BRDA:4,0,0,0
BRDA:4,0,1,0
BRDA:5,1,0,0
BRDA:5,1,1,0
BRF:4
BRH:0
end_of_record
